{
  "RSpec": {
    "coverage": {
      "/Users/duonghds/Documents/pets/openai-assistant-rails/app/controllers/assistants_controller.rb": {
        "lines": [
          1,
          null,
          1,
          1,
          1,
          1,
          1,
          null,
          null,
          1,
          1,
          1,
          1,
          null,
          null,
          1,
          4,
          4,
          4,
          3,
          null,
          1,
          null,
          null,
          null,
          1,
          3,
          3,
          2,
          1,
          null,
          1,
          null,
          null,
          null,
          1,
          3,
          3,
          2,
          1,
          null,
          1,
          null,
          null,
          null,
          1,
          4,
          4,
          4,
          2,
          null,
          2,
          null,
          null,
          null,
          1,
          null,
          1,
          7,
          null,
          null,
          null
        ]
      },
      "/Users/duonghds/Documents/pets/openai-assistant-rails/app/controllers/application_controller.rb": {
        "lines": [
          1,
          null
        ]
      },
      "/Users/duonghds/Documents/pets/openai-assistant-rails/app/services/assistant_services/base.rb": {
        "lines": [
          1,
          1,
          1,
          1,
          null,
          null,
          null
        ]
      },
      "/Users/duonghds/Documents/pets/openai-assistant-rails/app/services/openai_services/base.rb": {
        "lines": [
          1,
          1,
          1,
          5,
          null,
          null,
          1,
          1,
          null,
          null,
          null
        ]
      },
      "/Users/duonghds/Documents/pets/openai-assistant-rails/app/models/assistant.rb": {
        "lines": [
          1,
          1,
          1,
          null,
          1,
          null,
          1,
          1,
          null
        ]
      },
      "/Users/duonghds/Documents/pets/openai-assistant-rails/app/models/application_record.rb": {
        "lines": [
          1,
          1,
          null
        ]
      },
      "/Users/duonghds/Documents/pets/openai-assistant-rails/app/models/member.rb": {
        "lines": [
          1,
          1,
          1,
          null
        ]
      },
      "/Users/duonghds/Documents/pets/openai-assistant-rails/app/models/organisation.rb": {
        "lines": [
          1,
          1,
          null
        ]
      },
      "/Users/duonghds/Documents/pets/openai-assistant-rails/app/services/assistant_services/create.rb": {
        "lines": [
          1,
          1,
          1,
          4,
          4,
          4,
          null,
          null,
          null
        ]
      },
      "/Users/duonghds/Documents/pets/openai-assistant-rails/app/services/assistant_services/delete.rb": {
        "lines": [
          1,
          1,
          1,
          3,
          2,
          null,
          null,
          null
        ]
      },
      "/Users/duonghds/Documents/pets/openai-assistant-rails/app/services/assistant_services/list.rb": {
        "lines": [
          1,
          1,
          1,
          1,
          null,
          null,
          null
        ]
      },
      "/Users/duonghds/Documents/pets/openai-assistant-rails/app/services/assistant_services/get.rb": {
        "lines": [
          1,
          1,
          1,
          1,
          null,
          null,
          null
        ]
      },
      "/Users/duonghds/Documents/pets/openai-assistant-rails/app/services/openai_services/sync_assistants.rb": {
        "lines": [
          1,
          1,
          1,
          4,
          4,
          4,
          4,
          4,
          4,
          4,
          4,
          null,
          2,
          null,
          1,
          null,
          null,
          1,
          null,
          2,
          null,
          null,
          null,
          null,
          null,
          null,
          null,
          null,
          null,
          null,
          2,
          null,
          null,
          3,
          3,
          3,
          null,
          2,
          null,
          1,
          null,
          null,
          1,
          null,
          1,
          1,
          null,
          null,
          null,
          2,
          null,
          null,
          null,
          null,
          null,
          null,
          null
        ]
      },
      "/Users/duonghds/Documents/pets/openai-assistant-rails/app/services/assistant_services/update.rb": {
        "lines": [
          1,
          1,
          1,
          3,
          2,
          null,
          2,
          null,
          null,
          null,
          null,
          null
        ]
      }
    },
    "timestamp": 1702456274
  }
}
