{
  "RSpec": {
    "coverage": {
      "/Users/duonghds/Documents/pets/openai-assistant-rails/app/controllers/assistants_controller.rb": {
        "lines": [
          1,
          null,
          1,
          1,
          null,
          1,
          1,
          1,
          null,
          null,
          1,
          1,
          null,
          null,
          1,
          4,
          4,
          1,
          null,
          3,
          null,
          null,
          null,
          1,
          2,
          1,
          null,
          1,
          null,
          null,
          null,
          1,
          null,
          null,
          2,
          1,
          1,
          null,
          2,
          2,
          null,
          null,
          1,
          null,
          null,
          3,
          3,
          3,
          3,
          3,
          3,
          null,
          3,
          null,
          2,
          null,
          1,
          null,
          1,
          null,
          null,
          null,
          null,
          null,
          null,
          null,
          null,
          null,
          null,
          1,
          null,
          null,
          2,
          null,
          null,
          null,
          null,
          null,
          1,
          null,
          1,
          7,
          null,
          null,
          1,
          6,
          null,
          null,
          null
        ]
      },
      "/Users/duonghds/Documents/pets/openai-assistant-rails/app/controllers/application_controller.rb": {
        "lines": [
          1,
          null
        ]
      },
      "/Users/duonghds/Documents/pets/openai-assistant-rails/app/models/assistant.rb": {
        "lines": [
          1,
          1,
          1,
          null,
          1,
          null,
          1,
          1,
          null
        ]
      },
      "/Users/duonghds/Documents/pets/openai-assistant-rails/app/models/application_record.rb": {
        "lines": [
          1,
          1,
          null
        ]
      },
      "/Users/duonghds/Documents/pets/openai-assistant-rails/app/models/member.rb": {
        "lines": [
          1,
          1,
          1,
          null
        ]
      },
      "/Users/duonghds/Documents/pets/openai-assistant-rails/app/models/organisation.rb": {
        "lines": [
          1,
          1,
          null
        ]
      }
    },
    "timestamp": 1702288368
  }
}
